F:\sgd2011z-ex\srv\client\Debug\cl.command.1.tlog
F:\sgd2011z-ex\srv\client\Debug\CL.read.1.tlog
F:\sgd2011z-ex\srv\client\Debug\CL.write.1.tlog
F:\SGD2011Z-EX\SRV\CLIENT\DEBUG\CLIENT.EXE.EMBED.MANIFEST
F:\SGD2011Z-EX\SRV\CLIENT\DEBUG\CLIENT.EXE.EMBED.MANIFEST.RES
F:\SGD2011Z-EX\SRV\CLIENT\DEBUG\CLIENT.EXE.INTERMEDIATE.MANIFEST
F:\SGD2011Z-EX\SRV\CLIENT\DEBUG\CLIENT.OBJ
F:\sgd2011z-ex\srv\client\Debug\client_manifest.rc
F:\sgd2011z-ex\srv\client\Debug\link.2320.read.1.tlog
F:\sgd2011z-ex\srv\client\Debug\link.2320.write.1.tlog
F:\sgd2011z-ex\srv\client\Debug\link.2320-cvtres.read.1.tlog
F:\sgd2011z-ex\srv\client\Debug\link.2320-cvtres.write.1.tlog
F:\sgd2011z-ex\srv\client\Debug\link.command.1.tlog
F:\sgd2011z-ex\srv\client\Debug\link.read.1.tlog
F:\sgd2011z-ex\srv\client\Debug\link.write.1.tlog
F:\sgd2011z-ex\srv\client\Debug\link-cvtres.read.1.tlog
F:\sgd2011z-ex\srv\client\Debug\link-cvtres.write.1.tlog
F:\sgd2011z-ex\srv\client\Debug\mt.command.1.tlog
F:\sgd2011z-ex\srv\client\Debug\mt.read.1.tlog
F:\sgd2011z-ex\srv\client\Debug\mt.write.1.tlog
F:\sgd2011z-ex\srv\client\Debug\rc.command.1.tlog
F:\sgd2011z-ex\srv\client\Debug\rc.read.1.tlog
F:\sgd2011z-ex\srv\client\Debug\rc.write.1.tlog
F:\sgd2011z-ex\srv\client\Debug\vc100.idb
F:\SGD2011Z-EX\SRV\CLIENT\DEBUG\VC100.PDB
F:\SGD2011Z-EX\SRV\DEBUG\CLIENT.EXE
F:\SGD2011Z-EX\SRV\DEBUG\CLIENT.ILK
F:\SGD2011Z-EX\SRV\DEBUG\CLIENT.PDB
