F:\SGD2011Z-EX\SRV\DEBUG\SRV.EXE
F:\SGD2011Z-EX\SRV\DEBUG\SRV.ILK
F:\SGD2011Z-EX\SRV\DEBUG\SRV.PDB
F:\sgd2011z-ex\srv\srv\Debug\cl.command.1.tlog
F:\sgd2011z-ex\srv\srv\Debug\CL.read.1.tlog
F:\sgd2011z-ex\srv\srv\Debug\CL.write.1.tlog
F:\sgd2011z-ex\srv\srv\Debug\link.3648.read.1.tlog
F:\sgd2011z-ex\srv\srv\Debug\link.3648.write.1.tlog
F:\sgd2011z-ex\srv\srv\Debug\link.3648-cvtres.read.1.tlog
F:\sgd2011z-ex\srv\srv\Debug\link.3648-cvtres.write.1.tlog
F:\sgd2011z-ex\srv\srv\Debug\link.command.1.tlog
F:\sgd2011z-ex\srv\srv\Debug\link.read.1.tlog
F:\sgd2011z-ex\srv\srv\Debug\link.write.1.tlog
F:\sgd2011z-ex\srv\srv\Debug\link-cvtres.read.1.tlog
F:\sgd2011z-ex\srv\srv\Debug\link-cvtres.write.1.tlog
F:\sgd2011z-ex\srv\srv\Debug\mt.command.1.tlog
F:\sgd2011z-ex\srv\srv\Debug\mt.read.1.tlog
F:\sgd2011z-ex\srv\srv\Debug\mt.write.1.tlog
F:\sgd2011z-ex\srv\srv\Debug\rc.command.1.tlog
F:\sgd2011z-ex\srv\srv\Debug\rc.read.1.tlog
F:\sgd2011z-ex\srv\srv\Debug\rc.write.1.tlog
F:\SGD2011Z-EX\SRV\SRV\DEBUG\SERVER.OBJ
F:\SGD2011Z-EX\SRV\SRV\DEBUG\SRV.EXE.EMBED.MANIFEST
F:\SGD2011Z-EX\SRV\SRV\DEBUG\SRV.EXE.EMBED.MANIFEST.RES
F:\SGD2011Z-EX\SRV\SRV\DEBUG\SRV.EXE.INTERMEDIATE.MANIFEST
F:\sgd2011z-ex\srv\srv\Debug\srv_manifest.rc
F:\sgd2011z-ex\srv\srv\Debug\vc100.idb
F:\SGD2011Z-EX\SRV\SRV\DEBUG\VC100.PDB
