C:\DOCUMENTS AND SETTINGS\SZYMON\PULPIT\SRV\DEBUG\PRISON.EXE
C:\DOCUMENTS AND SETTINGS\SZYMON\PULPIT\SRV\DEBUG\PRISON.ILK
C:\DOCUMENTS AND SETTINGS\SZYMON\PULPIT\SRV\DEBUG\PRISON.PDB
C:\Documents and Settings\Szymon\Pulpit\srv\prison\Debug\cl.command.1.tlog
C:\Documents and Settings\Szymon\Pulpit\srv\prison\Debug\CL.read.1.tlog
C:\Documents and Settings\Szymon\Pulpit\srv\prison\Debug\CL.write.1.tlog
C:\Documents and Settings\Szymon\Pulpit\srv\prison\Debug\link.224.read.1.tlog
C:\Documents and Settings\Szymon\Pulpit\srv\prison\Debug\link.224.write.1.tlog
C:\Documents and Settings\Szymon\Pulpit\srv\prison\Debug\link.224-cvtres.read.1.tlog
C:\Documents and Settings\Szymon\Pulpit\srv\prison\Debug\link.224-cvtres.write.1.tlog
C:\Documents and Settings\Szymon\Pulpit\srv\prison\Debug\link.3760.read.1.tlog
C:\Documents and Settings\Szymon\Pulpit\srv\prison\Debug\link.3760.write.1.tlog
C:\Documents and Settings\Szymon\Pulpit\srv\prison\Debug\link.3760-cvtres.read.1.tlog
C:\Documents and Settings\Szymon\Pulpit\srv\prison\Debug\link.3760-cvtres.write.1.tlog
C:\Documents and Settings\Szymon\Pulpit\srv\prison\Debug\link.5032.read.1.tlog
C:\Documents and Settings\Szymon\Pulpit\srv\prison\Debug\link.5032.write.1.tlog
C:\Documents and Settings\Szymon\Pulpit\srv\prison\Debug\link.5032-cvtres.read.1.tlog
C:\Documents and Settings\Szymon\Pulpit\srv\prison\Debug\link.5032-cvtres.write.1.tlog
C:\Documents and Settings\Szymon\Pulpit\srv\prison\Debug\link.command.1.tlog
C:\Documents and Settings\Szymon\Pulpit\srv\prison\Debug\link.read.1.tlog
C:\Documents and Settings\Szymon\Pulpit\srv\prison\Debug\link.write.1.tlog
C:\Documents and Settings\Szymon\Pulpit\srv\prison\Debug\link-cvtres.read.1.tlog
C:\Documents and Settings\Szymon\Pulpit\srv\prison\Debug\link-cvtres.write.1.tlog
C:\Documents and Settings\Szymon\Pulpit\srv\prison\Debug\mt.command.1.tlog
C:\Documents and Settings\Szymon\Pulpit\srv\prison\Debug\mt.read.1.tlog
C:\Documents and Settings\Szymon\Pulpit\srv\prison\Debug\mt.write.1.tlog
C:\DOCUMENTS AND SETTINGS\SZYMON\PULPIT\SRV\PRISON\DEBUG\PRISON.EXE.EMBED.MANIFEST
C:\DOCUMENTS AND SETTINGS\SZYMON\PULPIT\SRV\PRISON\DEBUG\PRISON.EXE.EMBED.MANIFEST.RES
C:\DOCUMENTS AND SETTINGS\SZYMON\PULPIT\SRV\PRISON\DEBUG\PRISON.EXE.INTERMEDIATE.MANIFEST
C:\DOCUMENTS AND SETTINGS\SZYMON\PULPIT\SRV\PRISON\DEBUG\PRISON.OBJ
C:\Documents and Settings\Szymon\Pulpit\srv\prison\Debug\prison_manifest.rc
C:\Documents and Settings\Szymon\Pulpit\srv\prison\Debug\rc.command.1.tlog
C:\Documents and Settings\Szymon\Pulpit\srv\prison\Debug\rc.read.1.tlog
C:\Documents and Settings\Szymon\Pulpit\srv\prison\Debug\rc.write.1.tlog
C:\Documents and Settings\Szymon\Pulpit\srv\prison\Debug\vc100.idb
C:\DOCUMENTS AND SETTINGS\SZYMON\PULPIT\SRV\PRISON\DEBUG\VC100.PDB
