Build started 12/14/2011 11:51:49 PM.
     1>Project "C:\Documents and Settings\Szymon\Pulpit\srv\prison\prison.vcxproj" on node 3 (build target(s)).
     1>InitializeBuildStatus:
         Touching "Debug\prison.unsuccessfulbuild".
       ClCompile:
         All outputs are up-to-date.
       ManifestResourceCompile:
         All outputs are up-to-date.
       Link:
         F:\Visual\VC\bin\link.exe /ERRORREPORT:PROMPT /OUT:"C:\Documents and Settings\Szymon\Pulpit\srv\Debug\prison.exe" /INCREMENTAL /NOLOGO kernel32.lib user32.lib gdi32.lib winspool.lib comdlg32.lib advapi32.lib shell32.lib ole32.lib oleaut32.lib uuid.lib odbc32.lib odbccp32.lib /MANIFEST /ManifestFile:"Debug\prison.exe.intermediate.manifest" /MANIFESTUAC:"level='asInvoker' uiAccess='false'" /DEBUG /PDB:"C:\Documents and Settings\Szymon\Pulpit\srv\Debug\prison.pdb" /SUBSYSTEM:CONSOLE /TLBID:1 /DYNAMICBASE /NXCOMPAT /IMPLIB:"C:\Documents and Settings\Szymon\Pulpit\srv\Debug\prison.lib" /MACHINE:X86 Debug\prison.exe.embed.manifest.res
         Debug\prison.obj
       Manifest:
         C:\Program Files\Microsoft SDKs\Windows\v7.0A\bin\mt.exe /nologo /verbose /out:"Debug\prison.exe.embed.manifest" /manifest Debug\prison.exe.intermediate.manifest
         All outputs are up-to-date.
       LinkEmbedManifest:
         All outputs are up-to-date.
         prison.vcxproj -> C:\Documents and Settings\Szymon\Pulpit\srv\Debug\prison.exe
       FinalizeBuildStatus:
         Deleting file "Debug\prison.unsuccessfulbuild".
         Touching "Debug\prison.lastbuildstate".
     1>Done Building Project "C:\Documents and Settings\Szymon\Pulpit\srv\prison\prison.vcxproj" (build target(s)).

Build succeeded.

Time Elapsed 00:00:00.81
